app/build/intermediates/manifest_merge_blame_file/debug/manifest-merger-blame-debug-report.txt
1<?xml version="1.0" encoding="utf-8"?>
2<manifest xmlns:android="http://schemas.android.com/apk/res/android"
3    package="com.example.mytaxi"
4    android:versionCode="1"
5    android:versionName="1.0" >
6
7    <uses-sdk
8        android:minSdkVersion="23"
8-->src\main\AndroidManifest.xml
9        android:targetSdkVersion="29" />
9-->src\main\AndroidManifest.xml
10    <!--
11         The ACCESS_COARSE/FINE_LOCATION permissions are not required to use
12         Google Maps Android API v2, but you must specify either coarse or fine
13         location permissions for the "MyLocation" functionality.
14    -->
15    <uses-permission android:name="android.permission.ACCESS_FINE_LOCATION" />
15-->src\main\AndroidManifest.xml:9:5-79
15-->src\main\AndroidManifest.xml:9:22-76
16    <uses-permission android:name="android.permission.ACCESS_COARSE_LOCATION" />
16-->src\main\AndroidManifest.xml:10:5-81
16-->src\main\AndroidManifest.xml:10:22-78
17    <uses-permission android:name="android.permission.INTERNET" />
17-->src\main\AndroidManifest.xml:11:5-67
17-->src\main\AndroidManifest.xml:11:22-64
18    <uses-permission android:name="android.permission.ACCESS_NETWORK_STATE" />
18-->src\main\AndroidManifest.xml:12:5-79
18-->src\main\AndroidManifest.xml:12:22-76
19    <uses-permission android:name="android.permission.CALL_PHONE" />
19-->src\main\AndroidManifest.xml:13:5-69
19-->src\main\AndroidManifest.xml:13:22-66
20    <uses-permission android:name="android.permission.READ_EXTERNAL_STORAGE" />
20-->src\main\AndroidManifest.xml:15:5-79
20-->src\main\AndroidManifest.xml:15:22-77
21    <uses-permission android:name="android.permission.WRITE_EXTERNAL_STORAGE" />
21-->src\main\AndroidManifest.xml:16:5-80
21-->src\main\AndroidManifest.xml:16:22-78
22
23    <uses-feature
23-->[com.google.android.gms:play-services-maps:17.0.0] AndroidManifest.xml:26:5-28:35
24        android:glEsVersion="0x00020000"
24-->[com.google.android.gms:play-services-maps:17.0.0] AndroidManifest.xml:27:9-41
25        android:required="true" />
25-->[com.google.android.gms:play-services-maps:17.0.0] AndroidManifest.xml:28:9-32
26
27    <uses-permission android:name="android.permission.WAKE_LOCK" />
27-->[com.google.android.gms:play-services-measurement-api:18.0.2] AndroidManifest.xml:24:5-68
27-->[com.google.android.gms:play-services-measurement-api:18.0.2] AndroidManifest.xml:24:22-65
28    <uses-permission android:name="com.google.android.finsky.permission.BIND_GET_INSTALL_REFERRER_SERVICE" />
28-->[com.google.android.gms:play-services-measurement:18.0.2] AndroidManifest.xml:26:5-110
28-->[com.google.android.gms:play-services-measurement:18.0.2] AndroidManifest.xml:26:22-107
29
30    <application
30-->src\main\AndroidManifest.xml:18:5-58:19
31        android:allowBackup="true"
31-->src\main\AndroidManifest.xml:19:9-35
32        android:appComponentFactory="androidx.core.app.CoreComponentFactory"
32-->[androidx.core:core:1.1.0] AndroidManifest.xml:24:18-86
33        android:debuggable="true"
34        android:extractNativeLibs="false"
35        android:icon="@mipmap/ic_launcher"
35-->src\main\AndroidManifest.xml:20:9-43
36        android:label="@string/app_name"
36-->src\main\AndroidManifest.xml:21:9-41
37        android:roundIcon="@mipmap/ic_launcher_round"
37-->src\main\AndroidManifest.xml:22:9-54
38        android:supportsRtl="true"
38-->src\main\AndroidManifest.xml:23:9-35
39        android:testOnly="true"
40        android:theme="@style/AppTheme" >
40-->src\main\AndroidManifest.xml:24:9-40
41        <activity android:name="com.example.mytaxi.SettingsActivity" />
41-->src\main\AndroidManifest.xml:25:9-63
41-->src\main\AndroidManifest.xml:25:19-51
42        <!--
43             The API key for Google Maps-based APIs is defined as a string resource.
44             (See the file "res/values/google_maps_api.xml").
45             Note that the API key is linked to the encryption key used to sign the APK.
46             You need a different API key for each encryption key, including the release key that is used to
47             sign the APK for publishing.
48             You can define the keys for the debug and release targets in src/debug/ and src/release/.
49        -->
50        <meta-data
50-->src\main\AndroidManifest.xml:34:9-36:55
51            android:name="com.google.android.geo.API_KEY"
51-->src\main\AndroidManifest.xml:35:13-58
52            android:value="@string/google_maps_key" />
52-->src\main\AndroidManifest.xml:36:13-52
53
54        <activity
54-->src\main\AndroidManifest.xml:38:9-40:68
55            android:name="com.example.mytaxi.CustomersMapActivity"
55-->src\main\AndroidManifest.xml:39:13-49
56            android:label="@string/title_activity_customers_map" />
56-->src\main\AndroidManifest.xml:40:13-65
57        <activity
57-->src\main\AndroidManifest.xml:41:9-43:66
58            android:name="com.example.mytaxi.DriversMapActivity"
58-->src\main\AndroidManifest.xml:42:13-47
59            android:label="@string/title_activity_drivers_map" />
59-->src\main\AndroidManifest.xml:43:13-63
60        <activity android:name="com.example.mytaxi.CustomerRegLoginActivity" />
60-->src\main\AndroidManifest.xml:44:9-62
60-->src\main\AndroidManifest.xml:44:19-59
61        <activity android:name="com.example.mytaxi.DriverRegLoginActivity" />
61-->src\main\AndroidManifest.xml:45:9-60
61-->src\main\AndroidManifest.xml:45:19-57
62        <activity
62-->src\main\AndroidManifest.xml:46:9-47:58
63            android:name="com.theartofdev.edmodo.cropper.CropImageActivity"
63-->src\main\AndroidManifest.xml:46:19-82
64            android:theme="@style/Base.Theme.AppCompat" />
64-->src\main\AndroidManifest.xml:47:13-56
65        <activity android:name="com.example.mytaxi.WelcomeActivity" />
65-->src\main\AndroidManifest.xml:48:9-53
65-->src\main\AndroidManifest.xml:48:19-50
66        <activity
66-->src\main\AndroidManifest.xml:49:9-57:20
67            android:name="com.example.mytaxi.MainActivity"
67-->src\main\AndroidManifest.xml:50:13-41
68            android:screenOrientation="portrait" >
68-->src\main\AndroidManifest.xml:51:13-49
69            <intent-filter>
69-->src\main\AndroidManifest.xml:52:13-56:29
70                <action android:name="android.intent.action.MAIN" />
70-->src\main\AndroidManifest.xml:53:17-69
70-->src\main\AndroidManifest.xml:53:25-66
71
72                <category android:name="android.intent.category.LAUNCHER" />
72-->src\main\AndroidManifest.xml:55:17-77
72-->src\main\AndroidManifest.xml:55:27-74
73            </intent-filter>
74        </activity>
75
76        <provider
76-->[com.squareup.picasso:picasso:2.71828] AndroidManifest.xml:8:9-11:40
77            android:name="com.squareup.picasso.PicassoProvider"
77-->[com.squareup.picasso:picasso:2.71828] AndroidManifest.xml:9:13-64
78            android:authorities="com.example.mytaxi.com.squareup.picasso"
78-->[com.squareup.picasso:picasso:2.71828] AndroidManifest.xml:10:13-72
79            android:exported="false" />
79-->[com.squareup.picasso:picasso:2.71828] AndroidManifest.xml:11:13-37
80
81        <activity
81-->[com.google.firebase:firebase-auth:20.0.2] AndroidManifest.xml:27:9-44:20
82            android:name="com.google.firebase.auth.internal.GenericIdpActivity"
82-->[com.google.firebase:firebase-auth:20.0.2] AndroidManifest.xml:28:13-80
83            android:excludeFromRecents="true"
83-->[com.google.firebase:firebase-auth:20.0.2] AndroidManifest.xml:29:13-46
84            android:exported="true"
84-->[com.google.firebase:firebase-auth:20.0.2] AndroidManifest.xml:30:13-36
85            android:launchMode="singleTask"
85-->[com.google.firebase:firebase-auth:20.0.2] AndroidManifest.xml:31:13-44
86            android:theme="@android:style/Theme.Translucent.NoTitleBar" >
86-->[com.google.firebase:firebase-auth:20.0.2] AndroidManifest.xml:32:13-72
87            <intent-filter>
87-->[com.google.firebase:firebase-auth:20.0.2] AndroidManifest.xml:33:13-43:29
88                <action android:name="android.intent.action.VIEW" />
88-->[com.google.firebase:firebase-auth:20.0.2] AndroidManifest.xml:34:17-69
88-->[com.google.firebase:firebase-auth:20.0.2] AndroidManifest.xml:34:25-66
89
90                <category android:name="android.intent.category.DEFAULT" />
90-->[com.google.firebase:firebase-auth:20.0.2] AndroidManifest.xml:36:17-76
90-->[com.google.firebase:firebase-auth:20.0.2] AndroidManifest.xml:36:27-73
91                <category android:name="android.intent.category.BROWSABLE" />
91-->[com.google.firebase:firebase-auth:20.0.2] AndroidManifest.xml:37:17-78
91-->[com.google.firebase:firebase-auth:20.0.2] AndroidManifest.xml:37:27-75
92
93                <data
93-->[com.google.firebase:firebase-auth:20.0.2] AndroidManifest.xml:39:17-42:51
94                    android:host="firebase.auth"
94-->[com.google.firebase:firebase-auth:20.0.2] AndroidManifest.xml:40:21-49
95                    android:path="/"
95-->[com.google.firebase:firebase-auth:20.0.2] AndroidManifest.xml:41:21-37
96                    android:scheme="genericidp" />
96-->[com.google.firebase:firebase-auth:20.0.2] AndroidManifest.xml:42:21-48
97            </intent-filter>
98        </activity>
99        <activity
99-->[com.google.firebase:firebase-auth:20.0.2] AndroidManifest.xml:45:9-62:20
100            android:name="com.google.firebase.auth.internal.RecaptchaActivity"
100-->[com.google.firebase:firebase-auth:20.0.2] AndroidManifest.xml:46:13-79
101            android:excludeFromRecents="true"
101-->[com.google.firebase:firebase-auth:20.0.2] AndroidManifest.xml:47:13-46
102            android:exported="true"
102-->[com.google.firebase:firebase-auth:20.0.2] AndroidManifest.xml:48:13-36
103            android:launchMode="singleTask"
103-->[com.google.firebase:firebase-auth:20.0.2] AndroidManifest.xml:49:13-44
104            android:theme="@android:style/Theme.Translucent.NoTitleBar" >
104-->[com.google.firebase:firebase-auth:20.0.2] AndroidManifest.xml:50:13-72
105            <intent-filter>
105-->[com.google.firebase:firebase-auth:20.0.2] AndroidManifest.xml:51:13-61:29
106                <action android:name="android.intent.action.VIEW" />
106-->[com.google.firebase:firebase-auth:20.0.2] AndroidManifest.xml:34:17-69
106-->[com.google.firebase:firebase-auth:20.0.2] AndroidManifest.xml:34:25-66
107
108                <category android:name="android.intent.category.DEFAULT" />
108-->[com.google.firebase:firebase-auth:20.0.2] AndroidManifest.xml:36:17-76
108-->[com.google.firebase:firebase-auth:20.0.2] AndroidManifest.xml:36:27-73
109                <category android:name="android.intent.category.BROWSABLE" />
109-->[com.google.firebase:firebase-auth:20.0.2] AndroidManifest.xml:37:17-78
109-->[com.google.firebase:firebase-auth:20.0.2] AndroidManifest.xml:37:27-75
110
111                <data
111-->[com.google.firebase:firebase-auth:20.0.2] AndroidManifest.xml:39:17-42:51
112                    android:host="firebase.auth"
112-->[com.google.firebase:firebase-auth:20.0.2] AndroidManifest.xml:40:21-49
113                    android:path="/"
113-->[com.google.firebase:firebase-auth:20.0.2] AndroidManifest.xml:41:21-37
114                    android:scheme="recaptcha" />
114-->[com.google.firebase:firebase-auth:20.0.2] AndroidManifest.xml:42:21-48
115            </intent-filter>
116        </activity>
117
118        <service
118-->[com.google.firebase:firebase-auth:20.0.2] AndroidManifest.xml:64:9-73:19
119            android:name="com.google.firebase.auth.api.fallback.service.FirebaseAuthFallbackService"
119-->[com.google.firebase:firebase-auth:20.0.2] AndroidManifest.xml:65:13-101
120            android:enabled="true"
120-->[com.google.firebase:firebase-auth:20.0.2] AndroidManifest.xml:66:13-35
121            android:exported="false" >
121-->[com.google.firebase:firebase-auth:20.0.2] AndroidManifest.xml:67:13-37
122            <intent-filter>
122-->[com.google.firebase:firebase-auth:20.0.2] AndroidManifest.xml:68:13-72:29
123                <action android:name="com.google.firebase.auth.api.gms.service.START" />
123-->[com.google.firebase:firebase-auth:20.0.2] AndroidManifest.xml:69:17-89
123-->[com.google.firebase:firebase-auth:20.0.2] AndroidManifest.xml:69:25-86
124
125                <category android:name="android.intent.category.DEFAULT" />
125-->[com.google.firebase:firebase-auth:20.0.2] AndroidManifest.xml:36:17-76
125-->[com.google.firebase:firebase-auth:20.0.2] AndroidManifest.xml:36:27-73
126            </intent-filter>
127        </service>
128        <service
128-->[com.google.firebase:firebase-auth:20.0.2] AndroidManifest.xml:74:9-80:19
129            android:name="com.google.firebase.components.ComponentDiscoveryService"
129-->[com.google.firebase:firebase-auth:20.0.2] AndroidManifest.xml:75:13-84
130            android:directBootAware="true"
130-->[com.google.firebase:firebase-common:19.5.0] AndroidManifest.xml:35:13-43
131            android:exported="false" >
131-->[com.google.firebase:firebase-auth:20.0.2] AndroidManifest.xml:76:13-37
132            <meta-data
132-->[com.google.firebase:firebase-auth:20.0.2] AndroidManifest.xml:77:13-79:85
133                android:name="com.google.firebase.components:com.google.firebase.auth.FirebaseAuthRegistrar"
133-->[com.google.firebase:firebase-auth:20.0.2] AndroidManifest.xml:78:17-109
134                android:value="com.google.firebase.components.ComponentRegistrar" />
134-->[com.google.firebase:firebase-auth:20.0.2] AndroidManifest.xml:79:17-82
135            <meta-data
135-->[com.google.firebase:firebase-database:19.6.0] AndroidManifest.xml:32:13-34:85
136                android:name="com.google.firebase.components:com.google.firebase.database.DatabaseRegistrar"
136-->[com.google.firebase:firebase-database:19.6.0] AndroidManifest.xml:33:17-109
137                android:value="com.google.firebase.components.ComponentRegistrar" />
137-->[com.google.firebase:firebase-database:19.6.0] AndroidManifest.xml:34:17-82
138            <meta-data
138-->[com.google.firebase:firebase-storage:19.2.1] AndroidManifest.xml:33:13-35:85
139                android:name="com.google.firebase.components:com.google.firebase.storage.StorageRegistrar"
139-->[com.google.firebase:firebase-storage:19.2.1] AndroidManifest.xml:34:17-107
140                android:value="com.google.firebase.components.ComponentRegistrar" />
140-->[com.google.firebase:firebase-storage:19.2.1] AndroidManifest.xml:35:17-82
141            <meta-data
141-->[com.google.android.gms:play-services-measurement-api:18.0.2] AndroidManifest.xml:30:13-32:85
142                android:name="com.google.firebase.components:com.google.firebase.analytics.connector.internal.AnalyticsConnectorRegistrar"
142-->[com.google.android.gms:play-services-measurement-api:18.0.2] AndroidManifest.xml:31:17-139
143                android:value="com.google.firebase.components.ComponentRegistrar" />
143-->[com.google.android.gms:play-services-measurement-api:18.0.2] AndroidManifest.xml:32:17-82
144            <meta-data
144-->[com.google.firebase:firebase-installations:16.3.5] AndroidManifest.xml:18:13-20:85
145                android:name="com.google.firebase.components:com.google.firebase.installations.FirebaseInstallationsRegistrar"
145-->[com.google.firebase:firebase-installations:16.3.5] AndroidManifest.xml:19:17-127
146                android:value="com.google.firebase.components.ComponentRegistrar" />
146-->[com.google.firebase:firebase-installations:16.3.5] AndroidManifest.xml:20:17-82
147            <!--
148                This registrar is not defined in the dynamic-module-support sdk itself to allow non-firebase
149                clients to use it as well, by defining this registrar in their own core/common library.
150            -->
151            <meta-data
151-->[com.google.firebase:firebase-common:19.5.0] AndroidManifest.xml:43:13-45:85
152                android:name="com.google.firebase.components:com.google.firebase.dynamicloading.DynamicLoadingRegistrar"
152-->[com.google.firebase:firebase-common:19.5.0] AndroidManifest.xml:44:17-121
153                android:value="com.google.firebase.components.ComponentRegistrar" />
153-->[com.google.firebase:firebase-common:19.5.0] AndroidManifest.xml:45:17-82
154        </service> <!-- Needs to be explicitly declared on P+ -->
155        <uses-library
155-->[com.google.android.gms:play-services-maps:17.0.0] AndroidManifest.xml:33:9-35:40
156            android:name="org.apache.http.legacy"
156-->[com.google.android.gms:play-services-maps:17.0.0] AndroidManifest.xml:34:13-50
157            android:required="false" />
157-->[com.google.android.gms:play-services-maps:17.0.0] AndroidManifest.xml:35:13-37
158
159        <provider
159-->[com.google.firebase:firebase-common:19.5.0] AndroidManifest.xml:26:9-31:39
160            android:name="com.google.firebase.provider.FirebaseInitProvider"
160-->[com.google.firebase:firebase-common:19.5.0] AndroidManifest.xml:27:13-77
161            android:authorities="com.example.mytaxi.firebaseinitprovider"
161-->[com.google.firebase:firebase-common:19.5.0] AndroidManifest.xml:28:13-72
162            android:directBootAware="true"
162-->[com.google.firebase:firebase-common:19.5.0] AndroidManifest.xml:29:13-43
163            android:exported="false"
163-->[com.google.firebase:firebase-common:19.5.0] AndroidManifest.xml:30:13-37
164            android:initOrder="100" />
164-->[com.google.firebase:firebase-common:19.5.0] AndroidManifest.xml:31:13-36
165
166        <activity
166-->[com.google.android.gms:play-services-base:17.1.0] AndroidManifest.xml:23:9-26:75
167            android:name="com.google.android.gms.common.api.GoogleApiActivity"
167-->[com.google.android.gms:play-services-base:17.1.0] AndroidManifest.xml:24:13-79
168            android:exported="false"
168-->[com.google.android.gms:play-services-base:17.1.0] AndroidManifest.xml:25:13-37
169            android:theme="@android:style/Theme.Translucent.NoTitleBar" />
169-->[com.google.android.gms:play-services-base:17.1.0] AndroidManifest.xml:26:13-72
170
171        <receiver
171-->[com.google.android.gms:play-services-measurement:18.0.2] AndroidManifest.xml:29:9-33:20
172            android:name="com.google.android.gms.measurement.AppMeasurementReceiver"
172-->[com.google.android.gms:play-services-measurement:18.0.2] AndroidManifest.xml:30:13-85
173            android:enabled="true"
173-->[com.google.android.gms:play-services-measurement:18.0.2] AndroidManifest.xml:31:13-35
174            android:exported="false" >
174-->[com.google.android.gms:play-services-measurement:18.0.2] AndroidManifest.xml:32:13-37
175        </receiver>
176
177        <service
177-->[com.google.android.gms:play-services-measurement:18.0.2] AndroidManifest.xml:35:9-38:40
178            android:name="com.google.android.gms.measurement.AppMeasurementService"
178-->[com.google.android.gms:play-services-measurement:18.0.2] AndroidManifest.xml:36:13-84
179            android:enabled="true"
179-->[com.google.android.gms:play-services-measurement:18.0.2] AndroidManifest.xml:37:13-35
180            android:exported="false" />
180-->[com.google.android.gms:play-services-measurement:18.0.2] AndroidManifest.xml:38:13-37
181        <service
181-->[com.google.android.gms:play-services-measurement:18.0.2] AndroidManifest.xml:39:9-43:72
182            android:name="com.google.android.gms.measurement.AppMeasurementJobService"
182-->[com.google.android.gms:play-services-measurement:18.0.2] AndroidManifest.xml:40:13-87
183            android:enabled="true"
183-->[com.google.android.gms:play-services-measurement:18.0.2] AndroidManifest.xml:41:13-35
184            android:exported="false"
184-->[com.google.android.gms:play-services-measurement:18.0.2] AndroidManifest.xml:42:13-37
185            android:permission="android.permission.BIND_JOB_SERVICE" />
185-->[com.google.android.gms:play-services-measurement:18.0.2] AndroidManifest.xml:43:13-69
186
187        <meta-data
187-->[com.google.android.gms:play-services-basement:17.1.0] AndroidManifest.xml:23:9-25:69
188            android:name="com.google.android.gms.version"
188-->[com.google.android.gms:play-services-basement:17.1.0] AndroidManifest.xml:24:13-58
189            android:value="@integer/google_play_services_version" />
189-->[com.google.android.gms:play-services-basement:17.1.0] AndroidManifest.xml:25:13-66
190    </application>
191
192</manifest>